<?xml version="1.0" encoding="UTF-8"?>
<!-- Generated by org.testng.reporters.JUnitReportReporter -->
<testsuite skipped="0" hostname="W7N15027" name="palindrome.PalindromeControllerTest" tests="2" failures="0" timestamp="20 aug. 2019 18:19:01 GMT" time="38.186" errors="0">
  <testcase name="whenPostRequestInValidContent_thenCorrectResponse" time="19.119" classname="palindrome.PalindromeControllerTest"/>
  <testcase name="whenPostRequestValidContent_thenCorrectResponse" time="19.067" classname="palindrome.PalindromeControllerTest"/>
</testsuite> <!-- palindrome.PalindromeControllerTest -->
